<?xml version="1.0" encoding="UTF-8"?>
<!-- Generated by org.testng.reporters.JUnitXMLReporter -->
<testsuite hostname="CRLHL-RAZAAEHS1" ignored="0" tests="3" failures="1" timestamp="06 May 2019 13:09:02 GMT" time="11.926" errors="0">
  <testcase name="Navigate_A_Site" time="0.01" classname="myFirstTask"/>
  <testcase name="Navigate_A_Site_NEGATIVE" time="0.007" classname="myFirstTask"/>
  <testcase name="Verify_Sign_In_Element_Exist" time="0.058" classname="myFirstTask">
    <failure type="java.lang.AssertionError">
      <![CDATA[java.lang.AssertionError
	at myFirstTask.Verify_Sign_In_Element_Exist(myFirstTask.java:40)
... Removed 28 stack frames]]>
    </failure>
  </testcase> <!-- Verify_Sign_In_Element_Exist -->
</testsuite>
