<?xml version="1.0" encoding="UTF-8"?>
<testng-results skipped="0" failed="1" ignored="0" total="3" passed="2">
  <reporter-output>
  </reporter-output>
  <suite name="AutomationWorld_SmokeTests" duration-ms="11926" started-at="2019-05-06T13:08:50Z" finished-at="2019-05-06T13:09:02Z">
    <groups>
    </groups>
    <test name="Sign_In_Verification" duration-ms="11926" started-at="2019-05-06T13:08:50Z" finished-at="2019-05-06T13:09:02Z">
      <class name="myFirstTask">
        <test-method status="PASS" signature="Setup_Browser()[pri:0, instance:myFirstTask@246ae04d]" name="Setup_Browser" is-config="true" duration-ms="10973" started-at="2019-05-06T18:08:50Z" finished-at="2019-05-06T18:09:01Z">
          <reporter-output>
          </reporter-output>
        </test-method> <!-- Setup_Browser -->
        <test-method status="PASS" signature="Navigate_A_Site()[pri:0, instance:myFirstTask@246ae04d]" name="Navigate_A_Site" duration-ms="10" started-at="2019-05-06T18:09:01Z" finished-at="2019-05-06T18:09:01Z">
          <reporter-output>
          </reporter-output>
        </test-method> <!-- Navigate_A_Site -->
        <test-method status="PASS" signature="Navigate_A_Site_NEGATIVE()[pri:1, instance:myFirstTask@246ae04d]" name="Navigate_A_Site_NEGATIVE" duration-ms="7" started-at="2019-05-06T18:09:01Z" depends-on-methods="myFirstTask.Navigate_A_Site" finished-at="2019-05-06T18:09:01Z">
          <reporter-output>
          </reporter-output>
        </test-method> <!-- Navigate_A_Site_NEGATIVE -->
        <test-method status="FAIL" signature="Verify_Sign_In_Element_Exist()[pri:2, instance:myFirstTask@246ae04d]" name="Verify_Sign_In_Element_Exist" duration-ms="58" started-at="2019-05-06T18:09:01Z" finished-at="2019-05-06T18:09:01Z">
          <exception class="java.lang.AssertionError">
            <full-stacktrace>
              <![CDATA[java.lang.AssertionError
	at myFirstTask.Verify_Sign_In_Element_Exist(myFirstTask.java:40)
	at sun.reflect.NativeMethodAccessorImpl.invoke0(Native Method)
	at sun.reflect.NativeMethodAccessorImpl.invoke(NativeMethodAccessorImpl.java:62)
	at sun.reflect.DelegatingMethodAccessorImpl.invoke(DelegatingMethodAccessorImpl.java:43)
	at java.lang.reflect.Method.invoke(Method.java:498)
	at org.testng.internal.MethodInvocationHelper.invokeMethod(MethodInvocationHelper.java:108)
	at org.testng.internal.Invoker.invokeMethod(Invoker.java:661)
	at org.testng.internal.Invoker.invokeTestMethod(Invoker.java:869)
	at org.testng.internal.Invoker.invokeTestMethods(Invoker.java:1193)
	at org.testng.internal.TestMethodWorker.invokeTestMethods(TestMethodWorker.java:126)
	at org.testng.internal.TestMethodWorker.run(TestMethodWorker.java:109)
	at org.testng.TestRunner.privateRun(TestRunner.java:744)
	at org.testng.TestRunner.run(TestRunner.java:602)
	at org.testng.SuiteRunner.runTest(SuiteRunner.java:380)
	at org.testng.SuiteRunner.runSequentially(SuiteRunner.java:375)
	at org.testng.SuiteRunner.privateRun(SuiteRunner.java:340)
	at org.testng.SuiteRunner.run(SuiteRunner.java:289)
	at org.testng.SuiteRunnerWorker.runSuite(SuiteRunnerWorker.java:52)
	at org.testng.SuiteRunnerWorker.run(SuiteRunnerWorker.java:86)
	at org.testng.TestNG.runSuitesSequentially(TestNG.java:1301)
	at org.testng.TestNG.runSuitesLocally(TestNG.java:1226)
	at org.testng.TestNG.runSuites(TestNG.java:1144)
	at org.testng.TestNG.run(TestNG.java:1115)
	at org.apache.maven.surefire.testng.TestNGExecutor.run(TestNGExecutor.java:281)
	at org.apache.maven.surefire.testng.TestNGXmlTestSuite.execute(TestNGXmlTestSuite.java:75)
	at org.apache.maven.surefire.testng.TestNGProvider.invoke(TestNGProvider.java:121)
	at org.apache.maven.surefire.booter.ForkedBooter.invokeProviderInSameClassLoader(ForkedBooter.java:290)
	at org.apache.maven.surefire.booter.ForkedBooter.runSuitesInProcess(ForkedBooter.java:242)
	at org.apache.maven.surefire.booter.ForkedBooter.main(ForkedBooter.java:121)
]]>
            </full-stacktrace>
          </exception> <!-- java.lang.AssertionError -->
          <reporter-output>
          </reporter-output>
        </test-method> <!-- Verify_Sign_In_Element_Exist -->
        <test-method status="PASS" signature="Tear_Down()[pri:0, instance:myFirstTask@246ae04d]" name="Tear_Down" is-config="true" duration-ms="854" started-at="2019-05-06T18:09:01Z" finished-at="2019-05-06T18:09:02Z">
          <reporter-output>
          </reporter-output>
        </test-method> <!-- Tear_Down -->
      </class> <!-- myFirstTask -->
    </test> <!-- Sign_In_Verification -->
  </suite> <!-- AutomationWorld_SmokeTests -->
</testng-results>
